[INFO][request.go:11]2022/02/12 18:12:14 [WorksName.Required. WorksName Can not be empty]
[INFO][request.go:11]2022/02/12 18:12:14 [UserId.Required. UserId Can not be empty]
[INFO][request.go:11]2022/02/12 18:12:14 [UserId.Min. UserId Minimum is 1]
[INFO][request.go:11]2022/02/12 18:12:14 [State.Required. State Can not be empty]
[INFO][request.go:11]2022/02/12 18:12:14 [CatId.Required. CatId Can not be empty]
[INFO][request.go:11]2022/02/12 18:12:14 [CatId.Min. CatId Minimum is 1]
[INFO][request.go:11]2022/02/12 18:12:14 [WorksLink.Required. WorksLink Can not be empty]
[INFO][request.go:11]2022/02/12 18:12:14 [WorksType.Required. WorksType Can not be empty]
[INFO][request.go:11]2022/02/12 18:12:14 [WorksDescription.Required. WorksDescription Can not be empty]
[INFO][request.go:11]2022/02/12 19:23:21 [CatName.Required. CatName Can not be empty]
[INFO][request.go:11]2022/02/12 19:23:21 [ParentId.Required. ParentId Can not be empty]
[INFO][request.go:11]2022/02/12 19:23:21 [ParentId.Min. ParentId Minimum is 1]
[INFO][request.go:11]2022/02/12 19:23:25 [CatName.Required. CatName Can not be empty]
[INFO][request.go:11]2022/02/12 19:23:25 [ParentId.Required. ParentId Can not be empty]
[INFO][request.go:11]2022/02/12 19:23:25 [ParentId.Min. ParentId Minimum is 1]
[INFO][request.go:11]2022/02/12 19:23:54 [CatName.Required. CatName Can not be empty]
[INFO][request.go:11]2022/02/12 19:23:54 [ParentId.Required. ParentId Can not be empty]
[INFO][request.go:11]2022/02/12 19:23:54 [ParentId.Min. ParentId Minimum is 1]
[INFO][request.go:11]2022/02/12 19:23:57 [CatName.Required. CatName Can not be empty]
[INFO][request.go:11]2022/02/12 19:23:57 [ParentId.Required. ParentId Can not be empty]
[INFO][request.go:11]2022/02/12 19:23:57 [ParentId.Min. ParentId Minimum is 1]
[INFO][request.go:11]2022/02/12 19:24:10 [CatName.Required. CatName Can not be empty]
[INFO][request.go:11]2022/02/12 19:24:10 [ParentId.Required. ParentId Can not be empty]
[INFO][request.go:11]2022/02/12 19:24:10 [ParentId.Min. ParentId Minimum is 1]
[INFO][request.go:11]2022/02/12 19:24:59 [CatName.Required. CatName Can not be empty]
[INFO][request.go:11]2022/02/12 19:24:59 [ParentId.Required. ParentId Can not be empty]
[INFO][request.go:11]2022/02/12 19:24:59 [ParentId.Min. ParentId Minimum is 1]
[INFO][request.go:11]2022/02/12 19:26:21 [CatName.Required. CatName Can not be empty]
[INFO][request.go:11]2022/02/12 19:26:21 [ParentId.Required. ParentId Can not be empty]
[INFO][request.go:11]2022/02/12 19:26:21 [ParentId.Min. ParentId Minimum is 1]
[INFO][request.go:11]2022/02/12 19:26:46 [CatName.Required. CatName Can not be empty]
[INFO][request.go:11]2022/02/12 19:26:46 [ParentId.Required. ParentId Can not be empty]
[INFO][request.go:11]2022/02/12 19:26:46 [ParentId.Min. ParentId Minimum is 1]
[INFO][request.go:11]2022/02/12 19:27:50 [CatName.Required. CatName Can not be empty]
[INFO][request.go:11]2022/02/12 19:27:50 [ParentId.Required. ParentId Can not be empty]
[INFO][request.go:11]2022/02/12 19:27:50 [ParentId.Min. ParentId Minimum is 1]
[INFO][request.go:11]2022/02/12 19:29:35 [CatName.Required. CatName Can not be empty]
[INFO][request.go:11]2022/02/12 19:29:35 [ParentId.Required. ParentId Can not be empty]
[INFO][request.go:11]2022/02/12 19:29:35 [ParentId.Min. ParentId Minimum is 1]
[INFO][request.go:11]2022/02/12 19:30:10 [CatName.Required. CatName Can not be empty]
[INFO][request.go:11]2022/02/12 19:30:10 [ParentId.Required. ParentId Can not be empty]
[INFO][request.go:11]2022/02/12 19:30:10 [ParentId.Min. ParentId Minimum is 1]
[INFO][request.go:11]2022/02/12 19:30:27 [CatName.Required. CatName Can not be empty]
[INFO][request.go:11]2022/02/12 19:30:27 [ParentId.Required. ParentId Can not be empty]
[INFO][request.go:11]2022/02/12 19:30:27 [ParentId.Min. ParentId Minimum is 1]
[INFO][request.go:11]2022/02/12 19:33:05 [CatName.Required. CatName Can not be empty]
[INFO][request.go:11]2022/02/12 19:33:05 [ParentId.Required. ParentId Can not be empty]
[INFO][request.go:11]2022/02/12 19:33:05 [ParentId.Min. ParentId Minimum is 1]
